
2023/11/10 (22:27:06) | ===> btop++ v.1.2.13
2023/11/10 (22:27:06) | INFO: Logger set to DEBUG
2023/11/10 (22:27:06) | DEBUG: Setting LC_ALL=en_IN.UTF-8
2023/11/10 (22:27:06) | INFO: Running on /dev/pts/1
2023/11/10 (22:27:06) | DEBUG: Loading theme file: /home/vedant/.config/btop/themes/catppuccin_mocha.theme

2023/11/11 (01:03:42) | ===> btop++ v.1.2.13
2023/11/11 (01:03:42) | INFO: Logger set to DEBUG
2023/11/11 (01:03:42) | DEBUG: Setting LC_ALL=en_IN.UTF-8
2023/11/11 (01:03:42) | INFO: Running on /dev/pts/2
2023/11/11 (01:03:42) | DEBUG: Loading theme file: /home/vedant/.config/btop/themes/catppuccin_mocha.theme

2023/11/11 (12:30:44) | ===> btop++ v.1.2.13
2023/11/11 (12:30:44) | INFO: Logger set to DEBUG
2023/11/11 (12:30:44) | DEBUG: Setting LC_ALL=en_IN.UTF-8
2023/11/11 (12:30:44) | INFO: Running on /dev/pts/2
2023/11/11 (12:30:44) | DEBUG: Loading theme file: /home/vedant/.config/btop/themes/catppuccin_mocha.theme

2023/11/11 (14:52:40) | ===> btop++ v.1.2.13
2023/11/11 (14:52:40) | INFO: Logger set to DEBUG
2023/11/11 (14:52:40) | DEBUG: Setting LC_ALL=en_IN.UTF-8
2023/11/11 (14:52:40) | INFO: Running on /dev/pts/2
2023/11/11 (14:52:40) | DEBUG: Loading theme file: /home/vedant/.config/btop/themes/catppuccin_mocha.theme
2023/11/11 (15:00:24) | INFO: Quitting! Runtime: 00:07:44

2023/11/11 (15:22:42) | ===> btop++ v.1.2.13
2023/11/11 (15:22:42) | INFO: Logger set to DEBUG
2023/11/11 (15:22:42) | DEBUG: Setting LC_ALL=en_IN.UTF-8
2023/11/11 (15:22:42) | INFO: Running on /dev/pts/3
2023/11/11 (15:22:43) | DEBUG: Loading theme file: /home/vedant/.config/btop/themes/catppuccin_mocha.theme

2023/11/11 (15:24:22) | ===> btop++ v.1.2.13
2023/11/11 (15:24:22) | INFO: Logger set to DEBUG
2023/11/11 (15:24:22) | DEBUG: Setting LC_ALL=en_IN.UTF-8
2023/11/11 (15:24:22) | INFO: Running on /dev/pts/3
2023/11/11 (15:24:22) | DEBUG: Loading theme file: /home/vedant/.config/btop/themes/catppuccin_mocha.theme

2023/11/12 (23:26:50) | ===> btop++ v.1.2.13
2023/11/12 (23:26:50) | INFO: Logger set to DEBUG
2023/11/12 (23:26:50) | DEBUG: Setting LC_ALL=en_IN.UTF-8
2023/11/12 (23:26:50) | INFO: Running on /dev/pts/2
2023/11/12 (23:26:50) | DEBUG: Loading theme file: /home/vedant/.config/btop/themes/catppuccin_mocha.theme
2023/11/12 (23:26:59) | INFO: Quitting! Runtime: 00:00:09

2023/11/12 (23:27:07) | ===> btop++ v.1.2.13
2023/11/12 (23:27:07) | INFO: Logger set to DEBUG
2023/11/12 (23:27:07) | DEBUG: Setting LC_ALL=en_IN.UTF-8
2023/11/12 (23:27:07) | INFO: Running on /dev/pts/2
2023/11/12 (23:27:07) | DEBUG: Loading theme file: /home/vedant/.config/btop/themes/catppuccin_mocha.theme
2023/11/12 (23:27:28) | INFO: Quitting! Runtime: 00:00:21

2023/11/14 (11:55:28) | ===> btop++ v.1.2.13
2023/11/14 (11:55:28) | INFO: Logger set to DEBUG
2023/11/14 (11:55:28) | DEBUG: Setting LC_ALL=en_IN.UTF-8
2023/11/14 (11:55:28) | INFO: Running on /dev/pts/0
2023/11/14 (11:55:28) | DEBUG: Loading theme file: /home/vedant/.config/btop/themes/catppuccin_mocha.theme

2023/11/14 (22:17:42) | ===> btop++ v.1.2.13
2023/11/14 (22:17:42) | INFO: Logger set to DEBUG
2023/11/14 (22:17:42) | DEBUG: Setting LC_ALL=en_IN.UTF-8
2023/11/14 (22:17:42) | INFO: Running on /dev/pts/0
2023/11/14 (22:17:42) | DEBUG: Loading theme file: /home/vedant/.config/btop/themes/catppuccin_mocha.theme

2023/11/15 (11:31:42) | ===> btop++ v.1.2.13
2023/11/15 (11:31:42) | INFO: Logger set to DEBUG
2023/11/15 (11:31:42) | DEBUG: Setting LC_ALL=en_IN.UTF-8
2023/11/15 (11:31:42) | INFO: Running on /dev/pts/5
2023/11/15 (11:31:42) | DEBUG: Loading theme file: /home/vedant/.config/btop/themes/catppuccin_mocha.theme

2023/11/15 (19:55:23) | ===> btop++ v.1.2.13
2023/11/15 (19:55:23) | INFO: Logger set to DEBUG
2023/11/15 (19:55:23) | DEBUG: Setting LC_ALL=en_IN.UTF-8
2023/11/15 (19:55:23) | INFO: Running on /dev/pts/4
2023/11/15 (19:55:23) | DEBUG: Loading theme file: /home/vedant/.config/btop/themes/catppuccin_mocha.theme

2023/11/15 (20:15:32) | ===> btop++ v.1.2.13
2023/11/15 (20:15:32) | INFO: Logger set to DEBUG
2023/11/15 (20:15:32) | DEBUG: Setting LC_ALL=en_IN.UTF-8
2023/11/15 (20:15:32) | INFO: Running on /dev/pts/4
2023/11/15 (20:15:32) | DEBUG: Loading theme file: /home/vedant/.config/btop/themes/catppuccin_mocha.theme

2023/11/17 (10:35:51) | ===> btop++ v.1.2.13
2023/11/17 (10:35:51) | INFO: Logger set to DEBUG
2023/11/17 (10:35:51) | DEBUG: Setting LC_ALL=en_IN.UTF-8
2023/11/17 (10:35:51) | INFO: Running on /dev/pts/0
2023/11/17 (10:35:51) | DEBUG: Loading theme file: /home/vedant/.config/btop/themes/catppuccin_mocha.theme

2023/11/18 (15:48:54) | ===> btop++ v.1.2.13
2023/11/18 (15:48:54) | INFO: Logger set to DEBUG
2023/11/18 (15:48:54) | DEBUG: Setting LC_ALL=en_IN.UTF-8
2023/11/18 (15:48:54) | INFO: Running on /dev/pts/0
2023/11/18 (15:48:54) | DEBUG: Loading theme file: /home/vedant/.config/btop/themes/catppuccin_mocha.theme
2023/11/18 (15:49:16) | DEBUG: Writing new config file
2023/11/18 (15:49:16) | INFO: Quitting! Runtime: 00:00:22

2023/11/19 (11:25:43) | ===> btop++ v.1.2.13
2023/11/19 (11:25:43) | INFO: Logger set to DEBUG
2023/11/19 (11:25:43) | DEBUG: Setting LC_ALL=en_IN.UTF-8
2023/11/19 (11:25:43) | INFO: Running on /dev/pts/3
2023/11/19 (11:25:43) | DEBUG: Loading theme file: /home/vedant/.config/btop/themes/catppuccin_mocha.theme

2023/11/19 (23:02:01) | ===> btop++ v.1.2.13
2023/11/19 (23:02:01) | INFO: Logger set to DEBUG
2023/11/19 (23:02:01) | DEBUG: Setting LC_ALL=en_IN.UTF-8
2023/11/19 (23:02:01) | INFO: Running on /dev/pts/2
2023/11/19 (23:02:01) | DEBUG: Loading theme file: /home/vedant/.config/btop/themes/catppuccin_mocha.theme

2023/11/19 (23:02:38) | ===> btop++ v.1.2.13
2023/11/19 (23:02:38) | INFO: Logger set to DEBUG
2023/11/19 (23:02:38) | DEBUG: Setting LC_ALL=en_IN.UTF-8
2023/11/19 (23:02:38) | INFO: Running on /dev/pts/0
2023/11/19 (23:02:38) | DEBUG: Loading theme file: /home/vedant/.config/btop/themes/catppuccin_mocha.theme
2023/11/19 (23:08:10) | DEBUG: Writing new config file
2023/11/19 (23:08:10) | INFO: Quitting! Runtime: 00:05:32

2023/11/20 (00:06:05) | ===> btop++ v.1.2.13
2023/11/20 (00:06:05) | INFO: Logger set to DEBUG
2023/11/20 (00:06:05) | DEBUG: Setting LC_ALL=en_IN.UTF-8
2023/11/20 (00:06:05) | INFO: Running on /dev/pts/1
2023/11/20 (00:06:05) | DEBUG: Loading theme file: /home/vedant/.config/btop/themes/catppuccin_mocha.theme

2023/11/21 (16:27:07) | ===> btop++ v.1.2.13
2023/11/21 (16:27:07) | INFO: Logger set to DEBUG
2023/11/21 (16:27:07) | DEBUG: Setting LC_ALL=en_IN.UTF-8
2023/11/21 (16:27:07) | INFO: Running on /dev/pts/0
2023/11/21 (16:27:07) | DEBUG: Loading theme file: /home/vedant/.config/btop/themes/catppuccin_mocha.theme
2023/11/21 (16:30:18) | DEBUG: Writing new config file
2023/11/21 (16:30:18) | INFO: Quitting! Runtime: 00:03:11

2023/11/21 (16:47:30) | ===> btop++ v.1.2.13
2023/11/21 (16:47:30) | INFO: Logger set to DEBUG
2023/11/21 (16:47:30) | DEBUG: Setting LC_ALL=en_IN.UTF-8
2023/11/21 (16:47:30) | INFO: Running on /dev/pts/4
2023/11/21 (16:47:30) | DEBUG: Loading theme file: /home/vedant/.config/btop/themes/catppuccin_mocha.theme

2023/11/22 (00:03:34) | ===> btop++ v.1.2.13
2023/11/22 (00:03:34) | INFO: Logger set to DEBUG
2023/11/22 (00:03:34) | DEBUG: Setting LC_ALL=en_IN.UTF-8
2023/11/22 (00:03:34) | INFO: Running on /dev/pts/1
2023/11/22 (00:03:34) | DEBUG: Loading theme file: /home/vedant/.config/btop/themes/catppuccin_mocha.theme

2023/11/24 (00:12:42) | ===> btop++ v.1.2.13
2023/11/24 (00:12:42) | INFO: Logger set to DEBUG
2023/11/24 (00:12:42) | DEBUG: Setting LC_ALL=en_IN.UTF-8
2023/11/24 (00:12:42) | INFO: Running on /dev/pts/0
2023/11/24 (00:12:42) | DEBUG: Loading theme file: /home/vedant/.config/btop/themes/catppuccin_mocha.theme
2023/11/24 (00:13:03) | INFO: Quitting! Runtime: 00:00:21

2023/11/24 (13:57:45) | ===> btop++ v.1.2.13
2023/11/24 (13:57:45) | INFO: Logger set to DEBUG
2023/11/24 (13:57:45) | DEBUG: Setting LC_ALL=en_IN.UTF-8
2023/11/24 (13:57:45) | INFO: Running on /dev/pts/0
2023/11/24 (13:57:45) | DEBUG: Loading theme file: /home/vedant/.config/btop/themes/catppuccin_mocha.theme
2023/11/24 (13:57:53) | INFO: Quitting! Runtime: 00:00:08

2023/11/27 (11:05:24) | ===> btop++ v.1.2.13
2023/11/27 (11:05:24) | INFO: Logger set to DEBUG
2023/11/27 (11:05:24) | DEBUG: Setting LC_ALL=en_IN.UTF-8
2023/11/27 (11:05:24) | INFO: Running on /dev/pts/0
2023/11/27 (11:05:24) | DEBUG: Loading theme file: /home/vedant/.config/btop/themes/catppuccin_mocha.theme

2023/12/07 (00:46:04) | ===> btop++ v.1.2.13
2023/12/07 (00:46:04) | INFO: Logger set to DEBUG
2023/12/07 (00:46:04) | DEBUG: Setting LC_ALL=en_IN.UTF-8
2023/12/07 (00:46:04) | INFO: Running on /dev/pts/1
2023/12/07 (00:46:04) | DEBUG: Loading theme file: /home/vedant/.config/btop/themes/catppuccin_mocha.theme
2023/12/07 (00:54:11) | INFO: Quitting! Runtime: 00:08:07

2023/12/07 (19:56:11) | ===> btop++ v.1.2.13
2023/12/07 (19:56:11) | INFO: Logger set to DEBUG
2023/12/07 (19:56:11) | DEBUG: Setting LC_ALL=en_IN.UTF-8
2023/12/07 (19:56:11) | INFO: Running on /dev/pts/1
2023/12/07 (19:56:11) | DEBUG: Loading theme file: /home/vedant/.config/btop/themes/catppuccin_mocha.theme

2023/12/15 (19:54:10) | ===> btop++ v.1.2.13
2023/12/15 (19:54:10) | INFO: Logger set to DEBUG
2023/12/15 (19:54:10) | DEBUG: Setting LC_ALL=en_IN.UTF-8
2023/12/15 (19:54:10) | INFO: Running on /dev/pts/1
2023/12/15 (19:54:10) | DEBUG: Loading theme file: /home/vedant/.config/btop/themes/catppuccin_mocha.theme

2023/12/16 (01:41:31) | ===> btop++ v.1.2.13
2023/12/16 (01:41:31) | INFO: Logger set to DEBUG
2023/12/16 (01:41:31) | DEBUG: Setting LC_ALL=en_IN.UTF-8
2023/12/16 (01:41:31) | INFO: Running on /dev/pts/11
2023/12/16 (01:41:32) | DEBUG: Loading theme file: /home/vedant/.config/btop/themes/catppuccin_mocha.theme

2023/12/18 (01:58:39) | ===> btop++ v.1.2.13
2023/12/18 (01:58:39) | INFO: Logger set to DEBUG
2023/12/18 (01:58:39) | DEBUG: Setting LC_ALL=en_IN.UTF-8
2023/12/18 (01:58:39) | INFO: Running on /dev/pts/0
2023/12/18 (01:58:39) | DEBUG: Loading theme file: /home/vedant/.config/btop/themes/catppuccin_mocha.theme
2023/12/18 (01:59:27) | DEBUG: Writing new config file
2023/12/18 (01:59:27) | INFO: Quitting! Runtime: 00:00:48

2023/12/20 (23:43:04) | ===> btop++ v.1.2.13
2023/12/20 (23:43:04) | INFO: Logger set to DEBUG
2023/12/20 (23:43:04) | DEBUG: Setting LC_ALL=en_IN.UTF-8
2023/12/20 (23:43:04) | INFO: Running on /dev/pts/0
2023/12/20 (23:43:04) | DEBUG: Loading theme file: /home/vedant/.config/btop/themes/catppuccin_mocha.theme

2023/12/20 (23:43:30) | ===> btop++ v.1.2.13
2023/12/20 (23:43:30) | INFO: Logger set to DEBUG
2023/12/20 (23:43:30) | DEBUG: Setting LC_ALL=en_IN.UTF-8
2023/12/20 (23:43:30) | INFO: Running on /dev/pts/0
2023/12/20 (23:43:30) | DEBUG: Loading theme file: /home/vedant/.config/btop/themes/catppuccin_mocha.theme
2023/12/20 (23:43:45) | INFO: Quitting! Runtime: 00:00:15

2023/12/21 (12:46:41) | ===> btop++ v.1.2.13
2023/12/21 (12:46:41) | INFO: Logger set to DEBUG
2023/12/21 (12:46:41) | DEBUG: Setting LC_ALL=en_IN.UTF-8
2023/12/21 (12:46:41) | INFO: Running on /dev/pts/6
2023/12/21 (12:46:41) | DEBUG: Loading theme file: /home/vedant/.config/btop/themes/catppuccin_mocha.theme
2023/12/21 (12:46:57) | INFO: Quitting! Runtime: 00:00:16

2023/12/21 (12:55:40) | ===> btop++ v.1.2.13
2023/12/21 (12:55:40) | INFO: Logger set to DEBUG
2023/12/21 (12:55:40) | DEBUG: Setting LC_ALL=en_IN.UTF-8
2023/12/21 (12:55:40) | INFO: Running on /dev/pts/3
2023/12/21 (12:55:40) | DEBUG: Loading theme file: /home/vedant/.config/btop/themes/catppuccin_mocha.theme
2023/12/21 (12:55:54) | INFO: Quitting! Runtime: 00:00:14

2023/12/22 (12:47:40) | ===> btop++ v.1.2.13
2023/12/22 (12:47:40) | INFO: Logger set to DEBUG
2023/12/22 (12:47:40) | DEBUG: Setting LC_ALL=en_IN.UTF-8
2023/12/22 (12:47:40) | INFO: Running on /dev/pts/9
2023/12/22 (12:47:40) | DEBUG: Loading theme file: /home/vedant/.config/btop/themes/catppuccin_mocha.theme
2023/12/22 (12:48:09) | INFO: Quitting! Runtime: 00:00:29

2023/12/29 (14:35:04) | ===> btop++ v.1.2.13
2023/12/29 (14:35:04) | INFO: Logger set to DEBUG
2023/12/29 (14:35:04) | DEBUG: Setting LC_ALL=en_IN.UTF-8
2023/12/29 (14:35:04) | INFO: Running on /dev/pts/0
2023/12/29 (14:35:04) | DEBUG: Loading theme file: /home/vedant/.config/btop/themes/catppuccin_mocha.theme
2023/12/29 (14:35:14) | INFO: Quitting! Runtime: 00:00:10

2023/12/29 (23:17:11) | ===> btop++ v.1.2.13
2023/12/29 (23:17:11) | INFO: Logger set to DEBUG
2023/12/29 (23:17:11) | DEBUG: Setting LC_ALL=en_IN.UTF-8
2023/12/29 (23:17:11) | INFO: Running on /dev/pts/0
2023/12/29 (23:17:11) | DEBUG: Loading theme file: /home/vedant/.config/btop/themes/catppuccin_mocha.theme
2023/12/29 (23:17:56) | INFO: Quitting! Runtime: 00:00:45

2023/12/31 (20:44:57) | ===> btop++ v.1.2.13
2023/12/31 (20:44:57) | INFO: Logger set to DEBUG
2023/12/31 (20:44:57) | DEBUG: Setting LC_ALL=en_IN.UTF-8
2023/12/31 (20:44:57) | INFO: Running on /dev/pts/1
2023/12/31 (20:44:57) | DEBUG: Loading theme file: /home/vedant/.config/btop/themes/catppuccin_mocha.theme
2023/12/31 (20:45:10) | INFO: Quitting! Runtime: 00:00:13

2023/12/31 (20:58:30) | ===> btop++ v.1.2.13
2023/12/31 (20:58:30) | INFO: Logger set to DEBUG
2023/12/31 (20:58:30) | DEBUG: Setting LC_ALL=en_IN.UTF-8
2023/12/31 (20:58:30) | INFO: Running on /dev/pts/0
2023/12/31 (20:58:30) | DEBUG: Loading theme file: /home/vedant/.config/btop/themes/catppuccin_mocha.theme

2024/01/01 (23:33:45) | ===> btop++ v.1.2.13
2024/01/01 (23:33:45) | INFO: Logger set to DEBUG
2024/01/01 (23:33:45) | DEBUG: Setting LC_ALL=en_IN.UTF-8
2024/01/01 (23:33:45) | INFO: Running on /dev/pts/3
2024/01/01 (23:33:46) | DEBUG: Loading theme file: /home/vedant/.config/btop/themes/catppuccin_mocha.theme
2024/01/01 (23:34:58) | INFO: Quitting! Runtime: 00:01:13

2024/01/02 (00:20:51) | ===> btop++ v.1.2.13
2024/01/02 (00:20:51) | INFO: Logger set to DEBUG
2024/01/02 (00:20:51) | DEBUG: Setting LC_ALL=en_IN.UTF-8
2024/01/02 (00:20:51) | INFO: Running on /dev/pts/3
2024/01/02 (00:20:51) | DEBUG: Loading theme file: /home/vedant/.config/btop/themes/catppuccin_mocha.theme

2024/01/02 (11:23:34) | ===> btop++ v.1.2.13
2024/01/02 (11:23:34) | INFO: Logger set to DEBUG
2024/01/02 (11:23:34) | DEBUG: Setting LC_ALL=en_IN.UTF-8
2024/01/02 (11:23:34) | INFO: Running on /dev/pts/1
2024/01/02 (11:23:34) | DEBUG: Loading theme file: /home/vedant/.config/btop/themes/catppuccin_mocha.theme

2024/01/04 (00:18:04) | ===> btop++ v.1.2.13
2024/01/04 (00:18:04) | INFO: Logger set to DEBUG
2024/01/04 (00:18:04) | DEBUG: Setting LC_ALL=en_IN.UTF-8
2024/01/04 (00:18:04) | INFO: Running on /dev/pts/3
2024/01/04 (00:18:04) | DEBUG: Loading theme file: /home/vedant/.config/btop/themes/catppuccin_mocha.theme

2024/01/04 (11:05:39) | ===> btop++ v.1.2.13
2024/01/04 (11:05:39) | INFO: Logger set to DEBUG
2024/01/04 (11:05:39) | DEBUG: Setting LC_ALL=en_IN.UTF-8
2024/01/04 (11:05:39) | INFO: Running on /dev/pts/1
2024/01/04 (11:05:39) | DEBUG: Loading theme file: /home/vedant/.config/btop/themes/catppuccin_mocha.theme

2024/01/04 (23:05:50) | ===> btop++ v.1.2.13
2024/01/04 (23:05:50) | INFO: Logger set to DEBUG
2024/01/04 (23:05:50) | DEBUG: Setting LC_ALL=en_IN.UTF-8
2024/01/04 (23:05:50) | INFO: Running on /dev/pts/1
2024/01/04 (23:05:50) | DEBUG: Loading theme file: /home/vedant/.config/btop/themes/catppuccin_mocha.theme
2024/01/04 (23:09:05) | INFO: Quitting! Runtime: 00:03:15

2024/01/07 (13:21:20) | ===> btop++ v.1.2.13
2024/01/07 (13:21:20) | INFO: Logger set to DEBUG
2024/01/07 (13:21:20) | DEBUG: Setting LC_ALL=en_IN.UTF-8
2024/01/07 (13:21:20) | INFO: Running on /dev/pts/18
2024/01/07 (13:21:20) | DEBUG: Loading theme file: /home/vedant/.config/btop/themes/catppuccin_mocha.theme
2024/01/07 (13:24:23) | INFO: Quitting! Runtime: 00:03:03

2024/01/10 (17:10:15) | ===> btop++ v.1.2.13
2024/01/10 (17:10:15) | INFO: Logger set to DEBUG
2024/01/10 (17:10:15) | DEBUG: Setting LC_ALL=en_IN.UTF-8
2024/01/10 (17:10:15) | INFO: Running on /dev/pts/0
2024/01/10 (17:10:15) | DEBUG: Loading theme file: /home/vedant/.config/btop/themes/catppuccin_mocha.theme
2024/01/10 (17:10:57) | INFO: Quitting! Runtime: 00:00:42

2024/01/11 (19:07:34) | ===> btop++ v.1.2.13
2024/01/11 (19:07:34) | INFO: Logger set to DEBUG
2024/01/11 (19:07:34) | DEBUG: Setting LC_ALL=en_IN.UTF-8
2024/01/11 (19:07:34) | INFO: Running on /dev/pts/9
2024/01/11 (19:07:34) | DEBUG: Loading theme file: /home/vedant/.config/btop/themes/catppuccin_mocha.theme

2024/01/12 (16:55:19) | ===> btop++ v.1.3.0
2024/01/12 (16:55:19) | INFO: Logger set to DEBUG
2024/01/12 (16:55:19) | DEBUG: Setting LC_ALL=en_IN.UTF-8
2024/01/12 (16:55:19) | INFO: Running on /dev/pts/1
2024/01/12 (16:55:19) | INFO: Failed to load libnvidia-ml.so, NVIDIA GPUs will not be detected: libnvidia-ml.so.1: cannot open shared object file: No such file or directory
2024/01/12 (16:55:19) | INFO: Failed to load librocm_smi64.so, AMD GPUs will not be detected: librocm_smi64.so.1.0: cannot open shared object file: No such file or directory
2024/01/12 (16:55:19) | DEBUG: Shared::init() : Initialized.
2024/01/12 (16:55:19) | DEBUG: Loading theme file: /home/vedant/.config/btop/themes/catppuccin_mocha.theme
2024/01/12 (16:55:34) | DEBUG: Writing new config file
2024/01/12 (16:55:34) | INFO: Quitting! Runtime: 00:00:15

2024/01/12 (21:55:25) | ===> btop++ v.1.3.0
2024/01/12 (21:55:25) | INFO: Logger set to DEBUG
2024/01/12 (21:55:25) | DEBUG: Setting LC_ALL=en_IN.UTF-8
2024/01/12 (21:55:25) | INFO: Running on /dev/pts/3
2024/01/12 (21:55:25) | INFO: Failed to load libnvidia-ml.so, NVIDIA GPUs will not be detected: libnvidia-ml.so.1: cannot open shared object file: No such file or directory
2024/01/12 (21:55:25) | INFO: Failed to load librocm_smi64.so, AMD GPUs will not be detected: librocm_smi64.so.1.0: cannot open shared object file: No such file or directory
2024/01/12 (21:55:25) | DEBUG: Shared::init() : Initialized.
2024/01/12 (21:55:25) | DEBUG: Loading theme file: /home/vedant/.config/btop/themes/catppuccin_mocha.theme
2024/01/12 (21:56:27) | DEBUG: Writing new config file
2024/01/12 (21:56:27) | INFO: Quitting! Runtime: 00:01:02

2024/01/18 (02:59:28) | ===> btop++ v.1.3.0
2024/01/18 (02:59:28) | INFO: Logger set to DEBUG
2024/01/18 (02:59:28) | DEBUG: Setting LC_ALL=en_IN.UTF-8
2024/01/18 (02:59:28) | INFO: Running on /dev/pts/3
2024/01/18 (02:59:28) | INFO: Failed to load libnvidia-ml.so, NVIDIA GPUs will not be detected: libnvidia-ml.so.1: cannot open shared object file: No such file or directory
2024/01/18 (02:59:28) | INFO: Failed to load librocm_smi64.so, AMD GPUs will not be detected: librocm_smi64.so.1.0: cannot open shared object file: No such file or directory
2024/01/18 (02:59:28) | DEBUG: Shared::init() : Initialized.
2024/01/18 (02:59:28) | DEBUG: Loading theme file: /home/vedant/.config/btop/themes/catppuccin_mocha.theme
2024/01/18 (02:59:39) | INFO: Quitting! Runtime: 00:00:11

2024/01/18 (11:44:21) | ===> btop++ v.1.3.0
2024/01/18 (11:44:21) | INFO: Logger set to DEBUG
2024/01/18 (11:44:21) | DEBUG: Setting LC_ALL=en_IN.UTF-8
2024/01/18 (11:44:21) | INFO: Running on /dev/pts/3
2024/01/18 (11:44:21) | INFO: Failed to load libnvidia-ml.so, NVIDIA GPUs will not be detected: libnvidia-ml.so.1: cannot open shared object file: No such file or directory
2024/01/18 (11:44:21) | INFO: Failed to load librocm_smi64.so, AMD GPUs will not be detected: librocm_smi64.so.1.0: cannot open shared object file: No such file or directory
2024/01/18 (11:44:21) | DEBUG: Shared::init() : Initialized.
2024/01/18 (11:44:21) | DEBUG: Loading theme file: /home/vedant/.config/btop/themes/catppuccin_mocha.theme
2024/01/18 (11:44:23) | INFO: Quitting! Runtime: 00:00:02

2024/01/18 (11:44:24) | ===> btop++ v.1.3.0
2024/01/18 (11:44:24) | INFO: Logger set to DEBUG
2024/01/18 (11:44:24) | DEBUG: Setting LC_ALL=en_IN.UTF-8
2024/01/18 (11:44:24) | INFO: Running on /dev/pts/3
2024/01/18 (11:44:24) | INFO: Failed to load libnvidia-ml.so, NVIDIA GPUs will not be detected: libnvidia-ml.so.1: cannot open shared object file: No such file or directory
2024/01/18 (11:44:24) | INFO: Failed to load librocm_smi64.so, AMD GPUs will not be detected: librocm_smi64.so.1.0: cannot open shared object file: No such file or directory
2024/01/18 (11:44:24) | DEBUG: Shared::init() : Initialized.
2024/01/18 (11:44:24) | DEBUG: Loading theme file: /home/vedant/.config/btop/themes/catppuccin_mocha.theme
2024/01/18 (11:44:34) | INFO: Quitting! Runtime: 00:00:10

2024/01/20 (21:16:25) | ===> btop++ v.1.3.0
2024/01/20 (21:16:25) | INFO: Logger set to DEBUG
2024/01/20 (21:16:25) | DEBUG: Setting LC_ALL=en_IN.UTF-8
2024/01/20 (21:16:25) | INFO: Running on /dev/pts/9
2024/01/20 (21:16:26) | INFO: Failed to load libnvidia-ml.so, NVIDIA GPUs will not be detected: libnvidia-ml.so.1: cannot open shared object file: No such file or directory
2024/01/20 (21:16:26) | INFO: Failed to load librocm_smi64.so, AMD GPUs will not be detected: librocm_smi64.so.1.0: cannot open shared object file: No such file or directory
2024/01/20 (21:16:26) | DEBUG: Shared::init() : Initialized.
2024/01/20 (21:16:26) | DEBUG: Loading theme file: /home/vedant/.config/btop/themes/catppuccin_mocha.theme

2024/01/20 (21:20:35) | ===> btop++ v.1.3.0
2024/01/20 (21:20:35) | INFO: Logger set to DEBUG
2024/01/20 (21:20:35) | DEBUG: Setting LC_ALL=en_IN.UTF-8
2024/01/20 (21:20:35) | INFO: Running on /dev/pts/10
2024/01/20 (21:20:35) | INFO: Failed to load libnvidia-ml.so, NVIDIA GPUs will not be detected: libnvidia-ml.so.1: cannot open shared object file: No such file or directory
2024/01/20 (21:20:35) | INFO: Failed to load librocm_smi64.so, AMD GPUs will not be detected: librocm_smi64.so.1.0: cannot open shared object file: No such file or directory
2024/01/20 (21:20:35) | DEBUG: Shared::init() : Initialized.
2024/01/20 (21:20:35) | DEBUG: Loading theme file: /home/vedant/.config/btop/themes/catppuccin_mocha.theme

2024/01/20 (22:54:09) | ===> btop++ v.1.3.0
2024/01/20 (22:54:09) | INFO: Logger set to DEBUG
2024/01/20 (22:54:09) | DEBUG: Setting LC_ALL=en_IN.UTF-8
2024/01/20 (22:54:09) | INFO: Running on /dev/pts/0
2024/01/20 (22:54:09) | INFO: Failed to load libnvidia-ml.so, NVIDIA GPUs will not be detected: libnvidia-ml.so.1: cannot open shared object file: No such file or directory
2024/01/20 (22:54:09) | INFO: Failed to load librocm_smi64.so, AMD GPUs will not be detected: librocm_smi64.so.1.0: cannot open shared object file: No such file or directory
2024/01/20 (22:54:09) | DEBUG: Shared::init() : Initialized.
2024/01/20 (22:54:09) | DEBUG: Loading theme file: /home/vedant/.config/btop/themes/catppuccin_mocha.theme
2024/01/20 (22:54:31) | INFO: Quitting! Runtime: 00:00:22

2024/01/22 (00:23:28) | ===> btop++ v.1.3.0
2024/01/22 (00:23:28) | INFO: Logger set to DEBUG
2024/01/22 (00:23:28) | DEBUG: Setting LC_ALL=en_IN.UTF-8
2024/01/22 (00:23:28) | INFO: Running on /dev/pts/1
2024/01/22 (00:23:28) | INFO: Failed to load libnvidia-ml.so, NVIDIA GPUs will not be detected: libnvidia-ml.so.1: cannot open shared object file: No such file or directory
2024/01/22 (00:23:28) | INFO: Failed to load librocm_smi64.so, AMD GPUs will not be detected: librocm_smi64.so.1.0: cannot open shared object file: No such file or directory
2024/01/22 (00:23:28) | DEBUG: Shared::init() : Initialized.
2024/01/22 (00:23:28) | DEBUG: Loading theme file: /home/vedant/.config/btop/themes/catppuccin_mocha.theme

2024/01/24 (03:18:25) | ===> btop++ v.1.3.0
2024/01/24 (03:18:25) | INFO: Logger set to DEBUG
2024/01/24 (03:18:25) | DEBUG: Setting LC_ALL=en_IN.UTF-8
2024/01/24 (03:18:25) | INFO: Running on /dev/pts/8
2024/01/24 (03:18:25) | INFO: Failed to load libnvidia-ml.so, NVIDIA GPUs will not be detected: libnvidia-ml.so.1: cannot open shared object file: No such file or directory
2024/01/24 (03:18:25) | INFO: Failed to load librocm_smi64.so, AMD GPUs will not be detected: librocm_smi64.so.1.0: cannot open shared object file: No such file or directory
2024/01/24 (03:18:25) | DEBUG: Shared::init() : Initialized.
2024/01/24 (03:18:25) | DEBUG: Loading theme file: /home/vedant/.config/btop/themes/catppuccin_mocha.theme

2024/01/25 (02:51:31) | ===> btop++ v.1.3.0
2024/01/25 (02:51:31) | INFO: Logger set to DEBUG
2024/01/25 (02:51:31) | DEBUG: Setting LC_ALL=en_IN.UTF-8
2024/01/25 (02:51:31) | INFO: Running on /dev/pts/1
2024/01/25 (02:51:31) | INFO: Failed to load libnvidia-ml.so, NVIDIA GPUs will not be detected: libnvidia-ml.so.1: cannot open shared object file: No such file or directory
2024/01/25 (02:51:31) | INFO: Failed to load librocm_smi64.so, AMD GPUs will not be detected: librocm_smi64.so.1.0: cannot open shared object file: No such file or directory
2024/01/25 (02:51:31) | DEBUG: Shared::init() : Initialized.
2024/01/25 (02:51:31) | DEBUG: Loading theme file: /home/vedant/.config/btop/themes/catppuccin_mocha.theme
2024/01/25 (04:06:28) | INFO: Quitting! Runtime: 01:14:57

2024/01/25 (16:32:50) | ===> btop++ v.1.3.0
2024/01/25 (16:32:50) | INFO: Logger set to DEBUG
2024/01/25 (16:32:50) | DEBUG: Setting LC_ALL=en_IN.UTF-8
2024/01/25 (16:32:50) | INFO: Running on /dev/pts/11
2024/01/25 (16:32:50) | INFO: Failed to load libnvidia-ml.so, NVIDIA GPUs will not be detected: libnvidia-ml.so.1: cannot open shared object file: No such file or directory
2024/01/25 (16:32:50) | INFO: Failed to load librocm_smi64.so, AMD GPUs will not be detected: librocm_smi64.so.1.0: cannot open shared object file: No such file or directory
2024/01/25 (16:32:50) | DEBUG: Shared::init() : Initialized.
2024/01/25 (16:32:50) | DEBUG: Loading theme file: /home/vedant/.config/btop/themes/catppuccin_mocha.theme

2024/01/25 (16:33:50) | ===> btop++ v.1.3.0
2024/01/25 (16:33:50) | INFO: Logger set to DEBUG
2024/01/25 (16:33:50) | DEBUG: Setting LC_ALL=en_IN.UTF-8
2024/01/25 (16:33:50) | INFO: Running on /dev/pts/11
2024/01/25 (16:33:50) | INFO: Failed to load libnvidia-ml.so, NVIDIA GPUs will not be detected: libnvidia-ml.so.1: cannot open shared object file: No such file or directory
2024/01/25 (16:33:50) | INFO: Failed to load librocm_smi64.so, AMD GPUs will not be detected: librocm_smi64.so.1.0: cannot open shared object file: No such file or directory
2024/01/25 (16:33:50) | DEBUG: Shared::init() : Initialized.
2024/01/25 (16:33:50) | DEBUG: Loading theme file: /home/vedant/.config/btop/themes/catppuccin_mocha.theme

2024/01/25 (16:41:41) | ===> btop++ v.1.3.0
2024/01/25 (16:41:41) | INFO: Logger set to DEBUG
2024/01/25 (16:41:41) | DEBUG: Setting LC_ALL=en_IN.UTF-8
2024/01/25 (16:41:41) | INFO: Running on /dev/pts/12
2024/01/25 (16:41:41) | INFO: Failed to load libnvidia-ml.so, NVIDIA GPUs will not be detected: libnvidia-ml.so.1: cannot open shared object file: No such file or directory
2024/01/25 (16:41:41) | INFO: Failed to load librocm_smi64.so, AMD GPUs will not be detected: librocm_smi64.so.1.0: cannot open shared object file: No such file or directory
2024/01/25 (16:41:41) | DEBUG: Shared::init() : Initialized.
2024/01/25 (16:41:41) | DEBUG: Loading theme file: /home/vedant/.config/btop/themes/catppuccin_mocha.theme

2024/01/25 (21:06:42) | ===> btop++ v.1.3.0
2024/01/25 (21:06:42) | INFO: Logger set to DEBUG
2024/01/25 (21:06:42) | DEBUG: Setting LC_ALL=en_IN.UTF-8
2024/01/25 (21:06:42) | INFO: Running on /dev/pts/1
2024/01/25 (21:06:42) | INFO: Failed to load libnvidia-ml.so, NVIDIA GPUs will not be detected: libnvidia-ml.so.1: cannot open shared object file: No such file or directory
2024/01/25 (21:06:42) | INFO: Failed to load librocm_smi64.so, AMD GPUs will not be detected: librocm_smi64.so.1.0: cannot open shared object file: No such file or directory
2024/01/25 (21:06:42) | DEBUG: Shared::init() : Initialized.
2024/01/25 (21:06:42) | DEBUG: Loading theme file: /home/vedant/.config/btop/themes/catppuccin_mocha.theme

2024/01/29 (17:29:13) | ===> btop++ v.1.3.0
2024/01/29 (17:29:13) | INFO: Logger set to DEBUG
2024/01/29 (17:29:13) | DEBUG: Setting LC_ALL=en_IN.UTF-8
2024/01/29 (17:29:13) | INFO: Running on /dev/pts/2
2024/01/29 (17:29:13) | INFO: Failed to load libnvidia-ml.so, NVIDIA GPUs will not be detected: libnvidia-ml.so.1: cannot open shared object file: No such file or directory
2024/01/29 (17:29:13) | INFO: Failed to load librocm_smi64.so, AMD GPUs will not be detected: librocm_smi64.so.1.0: cannot open shared object file: No such file or directory
2024/01/29 (17:29:13) | DEBUG: Shared::init() : Initialized.
2024/01/29 (17:29:13) | DEBUG: Loading theme file: /home/vedant/.config/btop/themes/catppuccin_mocha.theme
2024/01/29 (17:29:26) | INFO: Quitting! Runtime: 00:00:13

2024/01/30 (13:16:35) | ===> btop++ v.1.3.0
2024/01/30 (13:16:35) | INFO: Logger set to DEBUG
2024/01/30 (13:16:35) | DEBUG: Setting LC_ALL=en_IN.UTF-8
2024/01/30 (13:16:35) | INFO: Running on /dev/pts/1
2024/01/30 (13:16:35) | INFO: Failed to load libnvidia-ml.so, NVIDIA GPUs will not be detected: libnvidia-ml.so.1: cannot open shared object file: No such file or directory
2024/01/30 (13:16:35) | INFO: Failed to load librocm_smi64.so, AMD GPUs will not be detected: librocm_smi64.so.1.0: cannot open shared object file: No such file or directory
2024/01/30 (13:16:35) | DEBUG: Shared::init() : Initialized.
2024/01/30 (13:16:35) | DEBUG: Loading theme file: /home/vedant/.config/btop/themes/catppuccin_mocha.theme

2024/02/09 (21:03:14) | ===> btop++ v.1.3.0
2024/02/09 (21:03:14) | INFO: Logger set to DEBUG
2024/02/09 (21:03:14) | DEBUG: Setting LC_ALL=en_IN.UTF-8
2024/02/09 (21:03:14) | INFO: Running on /dev/pts/8
2024/02/09 (21:03:14) | INFO: Failed to load libnvidia-ml.so, NVIDIA GPUs will not be detected: libnvidia-ml.so.1: cannot open shared object file: No such file or directory
2024/02/09 (21:03:14) | INFO: Failed to load librocm_smi64.so, AMD GPUs will not be detected: librocm_smi64.so.1.0: cannot open shared object file: No such file or directory
2024/02/09 (21:03:14) | DEBUG: Shared::init() : Initialized.
2024/02/09 (21:03:14) | DEBUG: Loading theme file: /home/vedant/.config/btop/themes/catppuccin_mocha.theme

2024/02/10 (22:21:07) | ===> btop++ v.1.3.0
2024/02/10 (22:21:07) | INFO: Logger set to DEBUG
2024/02/10 (22:21:07) | DEBUG: Setting LC_ALL=en_IN.UTF-8
2024/02/10 (22:21:07) | INFO: Running on /dev/pts/0
2024/02/10 (22:21:07) | INFO: Failed to load libnvidia-ml.so, NVIDIA GPUs will not be detected: libnvidia-ml.so.1: cannot open shared object file: No such file or directory
2024/02/10 (22:21:07) | INFO: Failed to load librocm_smi64.so, AMD GPUs will not be detected: librocm_smi64.so.1.0: cannot open shared object file: No such file or directory
2024/02/10 (22:21:07) | DEBUG: Shared::init() : Initialized.
2024/02/10 (22:21:07) | DEBUG: Loading theme file: /home/vedant/.config/btop/themes/catppuccin_mocha.theme

2024/02/10 (23:37:32) | ===> btop++ v.1.3.0
2024/02/10 (23:37:32) | INFO: Logger set to DEBUG
2024/02/10 (23:37:32) | DEBUG: Setting LC_ALL=en_IN.UTF-8
2024/02/10 (23:37:32) | INFO: Running on /dev/pts/1
2024/02/10 (23:37:32) | INFO: Failed to load libnvidia-ml.so, NVIDIA GPUs will not be detected: libnvidia-ml.so.1: cannot open shared object file: No such file or directory
2024/02/10 (23:37:32) | INFO: Failed to load librocm_smi64.so, AMD GPUs will not be detected: librocm_smi64.so.1.0: cannot open shared object file: No such file or directory
2024/02/10 (23:37:32) | DEBUG: Shared::init() : Initialized.
2024/02/10 (23:37:32) | DEBUG: Loading theme file: /home/vedant/.config/btop/themes/catppuccin_mocha.theme

2024/02/11 (16:31:15) | ===> btop++ v.1.3.0
2024/02/11 (16:31:15) | INFO: Logger set to DEBUG
2024/02/11 (16:31:15) | DEBUG: Setting LC_ALL=en_IN.UTF-8
2024/02/11 (16:31:15) | INFO: Running on /dev/pts/0
2024/02/11 (16:31:15) | INFO: Failed to load libnvidia-ml.so, NVIDIA GPUs will not be detected: libnvidia-ml.so.1: cannot open shared object file: No such file or directory
2024/02/11 (16:31:15) | INFO: Failed to load librocm_smi64.so, AMD GPUs will not be detected: librocm_smi64.so.1.0: cannot open shared object file: No such file or directory
2024/02/11 (16:31:15) | DEBUG: Shared::init() : Initialized.
2024/02/11 (16:31:15) | DEBUG: Loading theme file: /home/vedant/.config/btop/themes/catppuccin_mocha.theme

2024/02/21 (17:05:02) | ===> btop++ v.1.3.2
2024/02/21 (17:05:02) | INFO: Logger set to DEBUG
2024/02/21 (17:05:02) | DEBUG: Setting LC_ALL=en_IN.UTF-8
2024/02/21 (17:05:02) | INFO: Running on /dev/pts/14
2024/02/21 (17:05:02) | INFO: Failed to load libnvidia-ml.so, NVIDIA GPUs will not be detected: libnvidia-ml.so.1: cannot open shared object file: No such file or directory
2024/02/21 (17:05:02) | INFO: Failed to load librocm_smi64.so, AMD GPUs will not be detected: librocm_smi64.so.6: cannot open shared object file: No such file or directory
2024/02/21 (17:05:02) | DEBUG: Shared::init() : Initialized.
2024/02/21 (17:05:02) | DEBUG: Loading theme file: /home/vedant/.config/btop/themes/catppuccin_mocha.theme
2024/02/21 (17:06:15) | DEBUG: Writing new config file
2024/02/21 (17:06:15) | INFO: Quitting! Runtime: 00:01:13

2024/02/21 (17:26:28) | ===> btop++ v.1.3.2
2024/02/21 (17:26:28) | INFO: Logger set to DEBUG
2024/02/21 (17:26:28) | DEBUG: Setting LC_ALL=en_IN.UTF-8
2024/02/21 (17:26:28) | INFO: Running on /dev/pts/2
2024/02/21 (17:26:28) | INFO: Failed to load libnvidia-ml.so, NVIDIA GPUs will not be detected: libnvidia-ml.so.1: cannot open shared object file: No such file or directory
2024/02/21 (17:26:28) | INFO: Failed to load librocm_smi64.so, AMD GPUs will not be detected: librocm_smi64.so.6: cannot open shared object file: No such file or directory
2024/02/21 (17:26:28) | DEBUG: Shared::init() : Initialized.
2024/02/21 (17:26:28) | DEBUG: Loading theme file: /home/vedant/.config/btop/themes/catppuccin_mocha.theme

2024/02/27 (17:23:31) | ===> btop++ v.1.3.2
2024/02/27 (17:23:31) | INFO: Logger set to DEBUG
2024/02/27 (17:23:31) | DEBUG: Setting LC_ALL=en_IN.UTF-8
2024/02/27 (17:23:31) | INFO: Running on /dev/pts/12
2024/02/27 (17:23:31) | INFO: Failed to load libnvidia-ml.so, NVIDIA GPUs will not be detected: libnvidia-ml.so.1: cannot open shared object file: No such file or directory
2024/02/27 (17:23:31) | INFO: Failed to load librocm_smi64.so, AMD GPUs will not be detected: librocm_smi64.so.6: cannot open shared object file: No such file or directory
2024/02/27 (17:23:31) | DEBUG: Shared::init() : Initialized.
2024/02/27 (17:23:31) | DEBUG: Loading theme file: /home/vedant/.config/btop/themes/catppuccin_mocha.theme
2024/02/27 (17:23:48) | INFO: Quitting! Runtime: 00:00:17

2024/02/27 (17:23:54) | ===> btop++ v.1.3.2
2024/02/27 (17:23:54) | INFO: Logger set to DEBUG
2024/02/27 (17:23:54) | DEBUG: Setting LC_ALL=en_IN.UTF-8
2024/02/27 (17:23:54) | INFO: Running on /dev/pts/10
2024/02/27 (17:23:54) | INFO: Failed to load libnvidia-ml.so, NVIDIA GPUs will not be detected: libnvidia-ml.so.1: cannot open shared object file: No such file or directory
2024/02/27 (17:23:54) | INFO: Failed to load librocm_smi64.so, AMD GPUs will not be detected: librocm_smi64.so.6: cannot open shared object file: No such file or directory
2024/02/27 (17:23:54) | DEBUG: Shared::init() : Initialized.
2024/02/27 (17:23:54) | DEBUG: Loading theme file: /home/vedant/.config/btop/themes/catppuccin_mocha.theme
2024/02/27 (17:24:37) | INFO: Quitting! Runtime: 00:00:43

2024/02/28 (12:10:43) | ===> btop++ v.1.3.2
2024/02/28 (12:10:43) | INFO: Logger set to DEBUG
2024/02/28 (12:10:43) | DEBUG: Setting LC_ALL=en_IN.UTF-8
2024/02/28 (12:10:43) | INFO: Running on /dev/pts/1
2024/02/28 (12:10:43) | INFO: Failed to load libnvidia-ml.so, NVIDIA GPUs will not be detected: libnvidia-ml.so.1: cannot open shared object file: No such file or directory
2024/02/28 (12:10:43) | INFO: Failed to load librocm_smi64.so, AMD GPUs will not be detected: librocm_smi64.so.6: cannot open shared object file: No such file or directory
2024/02/28 (12:10:43) | DEBUG: Shared::init() : Initialized.
2024/02/28 (12:10:43) | DEBUG: Loading theme file: /home/vedant/.config/btop/themes/catppuccin_mocha.theme

2024/02/29 (12:11:13) | ===> btop++ v.1.3.2
2024/02/29 (12:11:13) | INFO: Logger set to DEBUG
2024/02/29 (12:11:13) | DEBUG: Setting LC_ALL=en_IN.UTF-8
2024/02/29 (12:11:13) | INFO: Running on /dev/pts/1
2024/02/29 (12:11:13) | INFO: Failed to load libnvidia-ml.so, NVIDIA GPUs will not be detected: libnvidia-ml.so.1: cannot open shared object file: No such file or directory
2024/02/29 (12:11:13) | INFO: Failed to load librocm_smi64.so, AMD GPUs will not be detected: librocm_smi64.so.6: cannot open shared object file: No such file or directory
2024/02/29 (12:11:13) | DEBUG: Shared::init() : Initialized.
2024/02/29 (12:11:13) | DEBUG: Loading theme file: /home/vedant/.config/btop/themes/catppuccin_mocha.theme

2024/03/01 (12:07:24) | ===> btop++ v.1.3.2
2024/03/01 (12:07:24) | INFO: Logger set to DEBUG
2024/03/01 (12:07:24) | DEBUG: Setting LC_ALL=en_IN.UTF-8
2024/03/01 (12:07:24) | INFO: Running on /dev/pts/21
2024/03/01 (12:07:24) | INFO: Failed to load libnvidia-ml.so, NVIDIA GPUs will not be detected: libnvidia-ml.so.1: cannot open shared object file: No such file or directory
2024/03/01 (12:07:24) | INFO: Failed to load librocm_smi64.so, AMD GPUs will not be detected: librocm_smi64.so.6: cannot open shared object file: No such file or directory
2024/03/01 (12:07:24) | DEBUG: Shared::init() : Initialized.
2024/03/01 (12:07:24) | DEBUG: Loading theme file: /home/vedant/.config/btop/themes/catppuccin_mocha.theme
2024/03/01 (12:07:29) | INFO: Quitting! Runtime: 00:00:05

2024/03/01 (12:07:59) | ===> btop++ v.1.3.2
2024/03/01 (12:07:59) | INFO: Logger set to DEBUG
2024/03/01 (12:07:59) | DEBUG: Setting LC_ALL=en_IN.UTF-8
2024/03/01 (12:07:59) | INFO: Running on /dev/pts/21
2024/03/01 (12:07:59) | INFO: Failed to load libnvidia-ml.so, NVIDIA GPUs will not be detected: libnvidia-ml.so.1: cannot open shared object file: No such file or directory
2024/03/01 (12:07:59) | INFO: Failed to load librocm_smi64.so, AMD GPUs will not be detected: librocm_smi64.so.6: cannot open shared object file: No such file or directory
2024/03/01 (12:07:59) | DEBUG: Shared::init() : Initialized.
2024/03/01 (12:07:59) | DEBUG: Loading theme file: /home/vedant/.config/btop/themes/catppuccin_mocha.theme

2024/03/01 (12:27:59) | ===> btop++ v.1.3.2
2024/03/01 (12:27:59) | INFO: Logger set to DEBUG
2024/03/01 (12:27:59) | DEBUG: Setting LC_ALL=en_IN.UTF-8
2024/03/01 (12:27:59) | INFO: Running on /dev/pts/21
2024/03/01 (12:27:59) | INFO: Failed to load libnvidia-ml.so, NVIDIA GPUs will not be detected: libnvidia-ml.so.1: cannot open shared object file: No such file or directory
2024/03/01 (12:27:59) | INFO: Failed to load librocm_smi64.so, AMD GPUs will not be detected: librocm_smi64.so.6: cannot open shared object file: No such file or directory
2024/03/01 (12:27:59) | DEBUG: Shared::init() : Initialized.
2024/03/01 (12:27:59) | DEBUG: Loading theme file: /home/vedant/.config/btop/themes/catppuccin_mocha.theme

2024/03/02 (12:44:16) | ===> btop++ v.1.3.2
2024/03/02 (12:44:16) | INFO: Logger set to DEBUG
2024/03/02 (12:44:16) | DEBUG: Setting LC_ALL=en_IN.UTF-8
2024/03/02 (12:44:16) | INFO: Running on /dev/pts/2
2024/03/02 (12:44:16) | INFO: Failed to load libnvidia-ml.so, NVIDIA GPUs will not be detected: libnvidia-ml.so.1: cannot open shared object file: No such file or directory
2024/03/02 (12:44:16) | INFO: Failed to load librocm_smi64.so, AMD GPUs will not be detected: librocm_smi64.so.6: cannot open shared object file: No such file or directory
2024/03/02 (12:44:16) | DEBUG: Shared::init() : Initialized.
2024/03/02 (12:44:16) | DEBUG: Loading theme file: /home/vedant/.config/btop/themes/catppuccin_mocha.theme

2024/03/02 (14:29:36) | ===> btop++ v.1.3.2
2024/03/02 (14:29:36) | INFO: Logger set to DEBUG
2024/03/02 (14:29:36) | DEBUG: Setting LC_ALL=en_IN.UTF-8
2024/03/02 (14:29:36) | INFO: Running on /dev/pts/1
2024/03/02 (14:29:36) | INFO: Failed to load libnvidia-ml.so, NVIDIA GPUs will not be detected: libnvidia-ml.so.1: cannot open shared object file: No such file or directory
2024/03/02 (14:29:36) | INFO: Failed to load librocm_smi64.so, AMD GPUs will not be detected: librocm_smi64.so.6: cannot open shared object file: No such file or directory
2024/03/02 (14:29:36) | DEBUG: Shared::init() : Initialized.
2024/03/02 (14:29:36) | DEBUG: Loading theme file: /home/vedant/.config/btop/themes/catppuccin_mocha.theme

2024/03/09 (12:54:17) | ===> btop++ v.1.3.2
2024/03/09 (12:54:17) | INFO: Logger set to DEBUG
2024/03/09 (12:54:17) | DEBUG: Setting LC_ALL=en_IN.UTF-8
2024/03/09 (12:54:17) | INFO: Running on /dev/pts/2
2024/03/09 (12:54:17) | INFO: Failed to load libnvidia-ml.so, NVIDIA GPUs will not be detected: libnvidia-ml.so.1: cannot open shared object file: No such file or directory
2024/03/09 (12:54:17) | INFO: Failed to load librocm_smi64.so, AMD GPUs will not be detected: librocm_smi64.so.6: cannot open shared object file: No such file or directory
2024/03/09 (12:54:17) | DEBUG: Shared::init() : Initialized.
2024/03/09 (12:54:17) | DEBUG: Loading theme file: /home/vedant/.config/btop/themes/catppuccin_mocha.theme

2024/03/22 (19:40:12) | ===> btop++ v.1.3.2
2024/03/22 (19:40:12) | INFO: Logger set to DEBUG
2024/03/22 (19:40:12) | DEBUG: Setting LC_ALL=en_IN.UTF-8
2024/03/22 (19:40:12) | INFO: Running on /dev/pts/1
2024/03/22 (19:40:12) | INFO: Failed to load libnvidia-ml.so, NVIDIA GPUs will not be detected: libnvidia-ml.so.1: cannot open shared object file: No such file or directory
2024/03/22 (19:40:12) | INFO: Failed to load librocm_smi64.so, AMD GPUs will not be detected: librocm_smi64.so.6: cannot open shared object file: No such file or directory
2024/03/22 (19:40:12) | DEBUG: Shared::init() : Initialized.
2024/03/22 (19:40:12) | DEBUG: Loading theme file: /home/vedant/.config/btop/themes/catppuccin_mocha.theme
2024/03/22 (20:17:20) | INFO: Quitting! Runtime: 00:37:09

2024/03/24 (20:05:18) | ===> btop++ v.1.3.2
2024/03/24 (20:05:18) | INFO: Logger set to DEBUG
2024/03/24 (20:05:18) | DEBUG: Setting LC_ALL=en_IN.UTF-8
2024/03/24 (20:05:18) | INFO: Running on /dev/pts/1
2024/03/24 (20:05:18) | INFO: Failed to load libnvidia-ml.so, NVIDIA GPUs will not be detected: libnvidia-ml.so.1: cannot open shared object file: No such file or directory
2024/03/24 (20:05:18) | INFO: Failed to load librocm_smi64.so, AMD GPUs will not be detected: librocm_smi64.so.6: cannot open shared object file: No such file or directory
2024/03/24 (20:05:18) | DEBUG: Shared::init() : Initialized.
2024/03/24 (20:05:18) | DEBUG: Loading theme file: /home/vedant/.config/btop/themes/catppuccin_mocha.theme

2024/03/25 (20:28:36) | ===> btop++ v.1.3.2
2024/03/25 (20:28:36) | INFO: Logger set to DEBUG
2024/03/25 (20:28:36) | DEBUG: Setting LC_ALL=en_IN.UTF-8
2024/03/25 (20:28:36) | INFO: Running on /dev/pts/2
2024/03/25 (20:28:36) | INFO: Failed to load libnvidia-ml.so, NVIDIA GPUs will not be detected: libnvidia-ml.so.1: cannot open shared object file: No such file or directory
2024/03/25 (20:28:36) | INFO: Failed to load librocm_smi64.so, AMD GPUs will not be detected: librocm_smi64.so.6: cannot open shared object file: No such file or directory
2024/03/25 (20:28:36) | DEBUG: Shared::init() : Initialized.
2024/03/25 (20:28:36) | DEBUG: Loading theme file: /home/vedant/.config/btop/themes/catppuccin_mocha.theme

2024/04/01 (12:00:44) | ===> btop++ v.1.3.2
2024/04/01 (12:00:44) | INFO: Logger set to DEBUG
2024/04/01 (12:00:44) | DEBUG: Setting LC_ALL=en_IN.UTF-8
2024/04/01 (12:00:44) | INFO: Running on /dev/pts/1
2024/04/01 (12:00:44) | INFO: Failed to load libnvidia-ml.so, NVIDIA GPUs will not be detected: libnvidia-ml.so.1: cannot open shared object file: No such file or directory
2024/04/01 (12:00:44) | INFO: Failed to load librocm_smi64.so, AMD GPUs will not be detected: librocm_smi64.so.6: cannot open shared object file: No such file or directory
2024/04/01 (12:00:44) | DEBUG: Shared::init() : Initialized.
2024/04/01 (12:00:44) | DEBUG: Loading theme file: /home/vedant/.config/btop/themes/catppuccin_mocha.theme

2024/04/04 (12:07:56) | ===> btop++ v.1.3.2
2024/04/04 (12:07:56) | INFO: Logger set to DEBUG
2024/04/04 (12:07:56) | DEBUG: Setting LC_ALL=en_IN.UTF-8
2024/04/04 (12:07:56) | INFO: Running on /dev/pts/1
2024/04/04 (12:07:56) | INFO: Failed to load libnvidia-ml.so, NVIDIA GPUs will not be detected: libnvidia-ml.so.1: cannot open shared object file: No such file or directory
2024/04/04 (12:07:56) | INFO: Failed to load librocm_smi64.so, AMD GPUs will not be detected: librocm_smi64.so.6: cannot open shared object file: No such file or directory
2024/04/04 (12:07:56) | DEBUG: Shared::init() : Initialized.
2024/04/04 (12:07:56) | DEBUG: Loading theme file: /home/vedant/.config/btop/themes/catppuccin_mocha.theme

2024/04/06 (16:05:38) | ===> btop++ v.1.3.2
2024/04/06 (16:05:38) | INFO: Logger set to DEBUG
2024/04/06 (16:05:38) | DEBUG: Setting LC_ALL=en_IN.UTF-8
2024/04/06 (16:05:38) | INFO: Running on /dev/pts/1
2024/04/06 (16:05:38) | INFO: Failed to load libnvidia-ml.so, NVIDIA GPUs will not be detected: libnvidia-ml.so.1: cannot open shared object file: No such file or directory
2024/04/06 (16:05:38) | INFO: Failed to load librocm_smi64.so, AMD GPUs will not be detected: librocm_smi64.so.6: cannot open shared object file: No such file or directory
2024/04/06 (16:05:38) | DEBUG: Shared::init() : Initialized.
2024/04/06 (16:05:38) | DEBUG: Loading theme file: /home/vedant/.config/btop/themes/catppuccin_mocha.theme

2024/04/07 (14:08:12) | ===> btop++ v.1.3.2
2024/04/07 (14:08:12) | INFO: Logger set to DEBUG
2024/04/07 (14:08:12) | DEBUG: Setting LC_ALL=en_IN.UTF-8
2024/04/07 (14:08:12) | INFO: Running on /dev/pts/5
2024/04/07 (14:08:12) | INFO: Failed to load libnvidia-ml.so, NVIDIA GPUs will not be detected: libnvidia-ml.so.1: cannot open shared object file: No such file or directory
2024/04/07 (14:08:12) | INFO: Failed to load librocm_smi64.so, AMD GPUs will not be detected: librocm_smi64.so.6: cannot open shared object file: No such file or directory
2024/04/07 (14:08:12) | DEBUG: Shared::init() : Initialized.
2024/04/07 (14:08:12) | DEBUG: Loading theme file: /home/vedant/.config/btop/themes/catppuccin_mocha.theme

2024/04/11 (15:56:42) | ===> btop++ v.1.3.2
2024/04/11 (15:56:42) | INFO: Logger set to DEBUG
2024/04/11 (15:56:42) | DEBUG: Setting LC_ALL=en_IN.UTF-8
2024/04/11 (15:56:42) | INFO: Running on /dev/pts/1
2024/04/11 (15:56:42) | INFO: Failed to load libnvidia-ml.so, NVIDIA GPUs will not be detected: libnvidia-ml.so.1: cannot open shared object file: No such file or directory
2024/04/11 (15:56:42) | INFO: Failed to load librocm_smi64.so, AMD GPUs will not be detected: librocm_smi64.so.6: cannot open shared object file: No such file or directory
2024/04/11 (15:56:42) | DEBUG: Shared::init() : Initialized.
2024/04/11 (15:56:42) | DEBUG: Loading theme file: /home/vedant/.config/btop/themes/catppuccin_mocha.theme
2024/04/11 (16:56:10) | INFO: Quitting! Runtime: 00:59:28

2024/04/13 (02:12:55) | ===> btop++ v.1.3.2
2024/04/13 (02:12:55) | INFO: Logger set to DEBUG
2024/04/13 (02:12:55) | DEBUG: Setting LC_ALL=en_IN.UTF-8
2024/04/13 (02:12:55) | INFO: Running on /dev/pts/8
2024/04/13 (02:12:55) | INFO: Failed to load libnvidia-ml.so, NVIDIA GPUs will not be detected: libnvidia-ml.so.1: cannot open shared object file: No such file or directory
2024/04/13 (02:12:55) | INFO: Failed to load librocm_smi64.so, AMD GPUs will not be detected: librocm_smi64.so.6: cannot open shared object file: No such file or directory
2024/04/13 (02:12:55) | DEBUG: Shared::init() : Initialized.
2024/04/13 (02:12:55) | DEBUG: Loading theme file: /home/vedant/.config/btop/themes/catppuccin_mocha.theme
2024/04/13 (02:13:12) | INFO: Quitting! Runtime: 00:00:17

2024/04/18 (12:47:26) | ===> btop++ v.1.3.2
2024/04/18 (12:47:26) | INFO: Logger set to DEBUG
2024/04/18 (12:47:26) | DEBUG: Setting LC_ALL=en_IN.UTF-8
2024/04/18 (12:47:26) | INFO: Running on /dev/pts/5
2024/04/18 (12:47:26) | INFO: Failed to load libnvidia-ml.so, NVIDIA GPUs will not be detected: libnvidia-ml.so.1: cannot open shared object file: No such file or directory
2024/04/18 (12:47:26) | INFO: Failed to load librocm_smi64.so, AMD GPUs will not be detected: librocm_smi64.so.6: cannot open shared object file: No such file or directory
2024/04/18 (12:47:26) | DEBUG: Shared::init() : Initialized.
2024/04/18 (12:47:26) | DEBUG: Loading theme file: /home/vedant/.config/btop/themes/catppuccin_mocha.theme

2024/04/19 (00:40:04) | ===> btop++ v.1.3.2
2024/04/19 (00:40:04) | INFO: Logger set to DEBUG
2024/04/19 (00:40:04) | DEBUG: Setting LC_ALL=en_IN.UTF-8
2024/04/19 (00:40:04) | INFO: Running on /dev/pts/7
2024/04/19 (00:40:04) | INFO: Failed to load libnvidia-ml.so, NVIDIA GPUs will not be detected: libnvidia-ml.so.1: cannot open shared object file: No such file or directory
2024/04/19 (00:40:04) | INFO: Failed to load librocm_smi64.so, AMD GPUs will not be detected: librocm_smi64.so.6: cannot open shared object file: No such file or directory
2024/04/19 (00:40:04) | DEBUG: Shared::init() : Initialized.
2024/04/19 (00:40:04) | DEBUG: Loading theme file: /home/vedant/.config/btop/themes/catppuccin_mocha.theme
